Connecting to database specified by database.yml
Connecting to database specified by database.yml
  [1m[36m (158.5ms)[0m  [1mCREATE TABLE `schema_migrations` (`version` varchar(255) NOT NULL) ENGINE=InnoDB[0m
  [1m[35m (210.4ms)[0m  CREATE UNIQUE INDEX `unique_schema_migrations` ON `schema_migrations` (`version`)
  [1m[36m (6.0ms)[0m  [1mSELECT `schema_migrations`.`version` FROM `schema_migrations` [0m
Migrating to CreatePrescriptions (20130415153219)
  [1m[35m (174.5ms)[0m  CREATE TABLE `prescriptions` (`id` int(11) DEFAULT NULL auto_increment PRIMARY KEY, `name` varchar(255), `ingredients` varchar(255), `created_at` datetime NOT NULL, `updated_at` datetime NOT NULL) ENGINE=InnoDB
  [1m[36m (53.3ms)[0m  [1mINSERT INTO `schema_migrations` (`version`) VALUES ('20130415153219')[0m
  [1m[35m (1.0ms)[0m  SELECT `schema_migrations`.`version` FROM `schema_migrations` 


Started GET "/" for 127.0.0.1 at 2013-04-15 12:36:15 -0300
Connecting to database specified by database.yml

ActionController::RoutingError (No route matches [GET] "/"):
  actionpack (3.2.12) lib/action_dispatch/middleware/debug_exceptions.rb:21:in `call'
  actionpack (3.2.12) lib/action_dispatch/middleware/show_exceptions.rb:56:in `call'
  railties (3.2.12) lib/rails/rack/logger.rb:32:in `call_app'
  railties (3.2.12) lib/rails/rack/logger.rb:16:in `block in call'
  activesupport (3.2.12) lib/active_support/tagged_logging.rb:22:in `tagged'
  railties (3.2.12) lib/rails/rack/logger.rb:16:in `call'
  actionpack (3.2.12) lib/action_dispatch/middleware/request_id.rb:22:in `call'
  rack (1.4.5) lib/rack/methodoverride.rb:21:in `call'
  rack (1.4.5) lib/rack/runtime.rb:17:in `call'
  activesupport (3.2.12) lib/active_support/cache/strategy/local_cache.rb:72:in `call'
  rack (1.4.5) lib/rack/lock.rb:15:in `call'
  actionpack (3.2.12) lib/action_dispatch/middleware/static.rb:62:in `call'
  railties (3.2.12) lib/rails/engine.rb:479:in `call'
  railties (3.2.12) lib/rails/application.rb:223:in `call'
  rack (1.4.5) lib/rack/content_length.rb:14:in `call'
  railties (3.2.12) lib/rails/rack/log_tailer.rb:17:in `call'
  rack (1.4.5) lib/rack/handler/webrick.rb:59:in `service'
  /home/rb4/.rvm/rubies/ruby-1.9.3-p194/lib/ruby/1.9.1/webrick/httpserver.rb:138:in `service'
  /home/rb4/.rvm/rubies/ruby-1.9.3-p194/lib/ruby/1.9.1/webrick/httpserver.rb:94:in `run'
  /home/rb4/.rvm/rubies/ruby-1.9.3-p194/lib/ruby/1.9.1/webrick/server.rb:191:in `block in start_thread'


  Rendered /home/rb4/.rvm/gems/ruby-1.9.3-p194/gems/actionpack-3.2.12/lib/action_dispatch/middleware/templates/rescues/routing_error.erb within rescues/layout (70.7ms)


Started GET "/" for 127.0.0.1 at 2013-04-15 12:37:17 -0300
Processing by PrescriptionsController#index as HTML
  [1m[36mPrescription Load (2.5ms)[0m  [1mSELECT `prescriptions`.* FROM `prescriptions` [0m
  Rendered prescriptions/index.html.erb within layouts/application (4.6ms)
Compiled prescriptions.css  (112ms)  (pid 2613)
Compiled scaffolds.css  (54ms)  (pid 2613)
Compiled application.css  (241ms)  (pid 2613)
Compiled jquery.js  (80ms)  (pid 2613)
Compiled jquery_ujs.js  (1ms)  (pid 2613)
Compiled prescriptions.js  (422ms)  (pid 2613)
Compiled application.js  (691ms)  (pid 2613)
Completed 200 OK in 1419ms (Views: 1186.4ms | ActiveRecord: 6.7ms)


Started GET "/assets/prescriptions.css?body=1" for 127.0.0.1 at 2013-04-15 12:37:19 -0300
Served asset /prescriptions.css - 200 OK (25ms)


Started GET "/assets/prescriptions.js?body=1" for 127.0.0.1 at 2013-04-15 12:37:19 -0300
Served asset /prescriptions.js - 200 OK (30ms)


Started GET "/assets/application.css?body=1" for 127.0.0.1 at 2013-04-15 12:37:19 -0300
Served asset /application.css - 304 Not Modified (15ms)


Started GET "/assets/jquery.js?body=1" for 127.0.0.1 at 2013-04-15 12:37:19 -0300
Served asset /jquery.js - 304 Not Modified (16ms)


Started GET "/assets/jquery_ujs.js?body=1" for 127.0.0.1 at 2013-04-15 12:37:19 -0300
Served asset /jquery_ujs.js - 304 Not Modified (8ms)


Started GET "/assets/application.js?body=1" for 127.0.0.1 at 2013-04-15 12:37:19 -0300
Served asset /application.js - 304 Not Modified (22ms)


Started GET "/assets/scaffolds.css?body=1" for 127.0.0.1 at 2013-04-15 12:37:19 -0300
Served asset /scaffolds.css - 304 Not Modified (7ms)


Started GET "/prescriptions/new" for 127.0.0.1 at 2013-04-15 12:37:23 -0300
Processing by PrescriptionsController#new as HTML
  Rendered prescriptions/_form.html.erb (90.1ms)
  Rendered prescriptions/new.html.erb within layouts/application (212.3ms)
Completed 200 OK in 257ms (Views: 230.3ms | ActiveRecord: 0.0ms)


Started GET "/assets/application.css?body=1" for 127.0.0.1 at 2013-04-15 12:37:23 -0300
Served asset /application.css - 304 Not Modified (28ms)


Started GET "/assets/scaffolds.css?body=1" for 127.0.0.1 at 2013-04-15 12:37:23 -0300
Served asset /scaffolds.css - 304 Not Modified (0ms)


Started GET "/assets/application.js?body=1" for 127.0.0.1 at 2013-04-15 12:37:23 -0300
Served asset /application.js - 304 Not Modified (3ms)


Started GET "/assets/jquery_ujs.js?body=1" for 127.0.0.1 at 2013-04-15 12:37:23 -0300
Served asset /jquery_ujs.js - 304 Not Modified (0ms)


Started GET "/assets/jquery.js?body=1" for 127.0.0.1 at 2013-04-15 12:37:23 -0300
Served asset /jquery.js - 304 Not Modified (2ms)


Started POST "/prescriptions" for 127.0.0.1 at 2013-04-15 12:37:43 -0300
Processing by PrescriptionsController#create as HTML
  Parameters: {"utf8"=>"✓", "authenticity_token"=>"/3LN1tahcIiD6ilvy6zPtDWOeYGaDs428j4pzvWJDko=", "prescription"=>{"name"=>"Bolo", "ingredients"=>"Farinha, Manteiga"}, "commit"=>"Create Prescription"}
  [1m[35m (0.5ms)[0m  BEGIN
  [1m[36mSQL (0.8ms)[0m  [1mINSERT INTO `prescriptions` (`created_at`, `ingredients`, `name`, `updated_at`) VALUES ('2013-04-15 15:37:43', 'Farinha, Manteiga', 'Bolo', '2013-04-15 15:37:43')[0m
  [1m[35m (63.7ms)[0m  COMMIT
Redirected to http://localhost:3000/prescriptions/1
Completed 302 Found in 246ms (ActiveRecord: 65.1ms)


Started GET "/prescriptions/1" for 127.0.0.1 at 2013-04-15 12:37:43 -0300
Processing by PrescriptionsController#show as HTML
  Parameters: {"id"=>"1"}
  [1m[36mPrescription Load (1.1ms)[0m  [1mSELECT `prescriptions`.* FROM `prescriptions` WHERE `prescriptions`.`id` = 1 LIMIT 1[0m
  Rendered prescriptions/show.html.erb within layouts/application (4.9ms)
Completed 200 OK in 34ms (Views: 24.0ms | ActiveRecord: 1.1ms)


Started GET "/assets/application.css?body=1" for 127.0.0.1 at 2013-04-15 12:37:43 -0300
Served asset /application.css - 304 Not Modified (1ms)


Started GET "/assets/scaffolds.css?body=1" for 127.0.0.1 at 2013-04-15 12:37:44 -0300
Served asset /scaffolds.css - 304 Not Modified (15ms)


Started GET "/assets/jquery.js?body=1" for 127.0.0.1 at 2013-04-15 12:37:44 -0300
Served asset /jquery.js - 304 Not Modified (2ms)


Started GET "/assets/application.js?body=1" for 127.0.0.1 at 2013-04-15 12:37:44 -0300
Served asset /application.js - 304 Not Modified (3ms)


Started GET "/assets/jquery_ujs.js?body=1" for 127.0.0.1 at 2013-04-15 12:37:44 -0300
Served asset /jquery_ujs.js - 304 Not Modified (0ms)


Started GET "/prescriptions" for 127.0.0.1 at 2013-04-15 12:37:48 -0300
Processing by PrescriptionsController#index as HTML
  [1m[35mPrescription Load (1.0ms)[0m  SELECT `prescriptions`.* FROM `prescriptions` 
  Rendered prescriptions/index.html.erb within layouts/application (4.9ms)
Completed 200 OK in 29ms (Views: 24.0ms | ActiveRecord: 1.0ms)


Started GET "/assets/application.css?body=1" for 127.0.0.1 at 2013-04-15 12:37:48 -0300
Served asset /application.css - 304 Not Modified (2ms)


Started GET "/assets/jquery.js?body=1" for 127.0.0.1 at 2013-04-15 12:37:48 -0300
Served asset /jquery.js - 304 Not Modified (2ms)


Started GET "/assets/jquery_ujs.js?body=1" for 127.0.0.1 at 2013-04-15 12:37:48 -0300
Served asset /jquery_ujs.js - 304 Not Modified (0ms)


Started GET "/assets/application.js?body=1" for 127.0.0.1 at 2013-04-15 12:37:48 -0300
Served asset /application.js - 304 Not Modified (6ms)


Started GET "/assets/scaffolds.css?body=1" for 127.0.0.1 at 2013-04-15 12:37:48 -0300
Served asset /scaffolds.css - 304 Not Modified (0ms)


Started GET "/prescriptions/new" for 127.0.0.1 at 2013-04-15 12:37:50 -0300
Processing by PrescriptionsController#new as HTML
  Rendered prescriptions/_form.html.erb (9.6ms)
  Rendered prescriptions/new.html.erb within layouts/application (13.1ms)
Completed 200 OK in 102ms (Views: 100.5ms | ActiveRecord: 0.0ms)


Started GET "/assets/application.css?body=1" for 127.0.0.1 at 2013-04-15 12:37:50 -0300
Served asset /application.css - 304 Not Modified (1ms)


Started GET "/assets/prescriptions.css?body=1" for 127.0.0.1 at 2013-04-15 12:37:50 -0300
Served asset /prescriptions.css - 304 Not Modified (0ms)


Started GET "/assets/scaffolds.css?body=1" for 127.0.0.1 at 2013-04-15 12:37:50 -0300
Served asset /scaffolds.css - 304 Not Modified (0ms)


Started GET "/assets/jquery.js?body=1" for 127.0.0.1 at 2013-04-15 12:37:50 -0300
Served asset /jquery.js - 304 Not Modified (17ms)


Started GET "/assets/jquery_ujs.js?body=1" for 127.0.0.1 at 2013-04-15 12:37:50 -0300
Served asset /jquery_ujs.js - 304 Not Modified (2ms)


Started GET "/assets/application.js?body=1" for 127.0.0.1 at 2013-04-15 12:37:50 -0300
Served asset /application.js - 304 Not Modified (3ms)


Started GET "/assets/prescriptions.js?body=1" for 127.0.0.1 at 2013-04-15 12:37:50 -0300
Served asset /prescriptions.js - 304 Not Modified (0ms)


Started POST "/prescriptions" for 127.0.0.1 at 2013-04-15 12:38:29 -0300
Processing by PrescriptionsController#create as HTML
  Parameters: {"utf8"=>"✓", "authenticity_token"=>"/3LN1tahcIiD6ilvy6zPtDWOeYGaDs428j4pzvWJDko=", "prescription"=>{"name"=>"Macarrao", "ingredients"=>"Massa, molho"}, "commit"=>"Create Prescription"}
  [1m[36m (0.5ms)[0m  [1mBEGIN[0m
  [1m[35mSQL (0.7ms)[0m  INSERT INTO `prescriptions` (`created_at`, `ingredients`, `name`, `updated_at`) VALUES ('2013-04-15 15:38:29', 'Massa, molho', 'Macarrao', '2013-04-15 15:38:29')
  [1m[36m (139.6ms)[0m  [1mCOMMIT[0m
Redirected to http://localhost:3000/prescriptions/2
Completed 302 Found in 152ms (ActiveRecord: 140.9ms)


Started GET "/prescriptions/2" for 127.0.0.1 at 2013-04-15 12:38:30 -0300
Processing by PrescriptionsController#show as HTML
  Parameters: {"id"=>"2"}
  [1m[35mPrescription Load (0.9ms)[0m  SELECT `prescriptions`.* FROM `prescriptions` WHERE `prescriptions`.`id` = 2 LIMIT 1
  Rendered prescriptions/show.html.erb within layouts/application (2.3ms)
Completed 200 OK in 24ms (Views: 18.9ms | ActiveRecord: 0.9ms)


Started GET "/assets/application.css?body=1" for 127.0.0.1 at 2013-04-15 12:38:30 -0300
Served asset /application.css - 304 Not Modified (1ms)


Started GET "/assets/jquery_ujs.js?body=1" for 127.0.0.1 at 2013-04-15 12:38:30 -0300
Served asset /jquery_ujs.js - 304 Not Modified (0ms)


Started GET "/assets/prescriptions.js?body=1" for 127.0.0.1 at 2013-04-15 12:38:30 -0300
Served asset /prescriptions.js - 304 Not Modified (0ms)


Started GET "/assets/jquery.js?body=1" for 127.0.0.1 at 2013-04-15 12:38:30 -0300
Served asset /jquery.js - 304 Not Modified (2ms)


Started GET "/assets/scaffolds.css?body=1" for 127.0.0.1 at 2013-04-15 12:38:30 -0300
Served asset /scaffolds.css - 304 Not Modified (0ms)


Started GET "/assets/prescriptions.css?body=1" for 127.0.0.1 at 2013-04-15 12:38:30 -0300
Served asset /prescriptions.css - 304 Not Modified (0ms)


Started GET "/assets/application.js?body=1" for 127.0.0.1 at 2013-04-15 12:38:30 -0300
Served asset /application.js - 304 Not Modified (3ms)


Started GET "/prescriptions" for 127.0.0.1 at 2013-04-15 12:38:44 -0300
Processing by PrescriptionsController#index as HTML
  [1m[36mPrescription Load (1.1ms)[0m  [1mSELECT `prescriptions`.* FROM `prescriptions` [0m
  Rendered prescriptions/index.html.erb within layouts/application (7.9ms)
Completed 200 OK in 31ms (Views: 24.1ms | ActiveRecord: 1.1ms)


Started GET "/assets/application.css?body=1" for 127.0.0.1 at 2013-04-15 12:38:44 -0300
Served asset /application.css - 304 Not Modified (1ms)


Started GET "/assets/prescriptions.js?body=1" for 127.0.0.1 at 2013-04-15 12:38:44 -0300
Served asset /prescriptions.js - 304 Not Modified (0ms)


Started GET "/assets/scaffolds.css?body=1" for 127.0.0.1 at 2013-04-15 12:38:44 -0300
Served asset /scaffolds.css - 304 Not Modified (1ms)


Started GET "/assets/jquery_ujs.js?body=1" for 127.0.0.1 at 2013-04-15 12:38:44 -0300
Served asset /jquery_ujs.js - 304 Not Modified (0ms)


Started GET "/assets/prescriptions.css?body=1" for 127.0.0.1 at 2013-04-15 12:38:44 -0300
Served asset /prescriptions.css - 304 Not Modified (0ms)


Started GET "/assets/jquery.js?body=1" for 127.0.0.1 at 2013-04-15 12:38:44 -0300
Served asset /jquery.js - 304 Not Modified (2ms)


Started GET "/assets/application.js?body=1" for 127.0.0.1 at 2013-04-15 12:38:44 -0300
Served asset /application.js - 304 Not Modified (3ms)


Started GET "/prescriptions/new" for 127.0.0.1 at 2013-04-15 12:38:45 -0300
Processing by PrescriptionsController#new as HTML
  Rendered prescriptions/_form.html.erb (7.4ms)
  Rendered prescriptions/new.html.erb within layouts/application (11.9ms)
Completed 200 OK in 29ms (Views: 27.7ms | ActiveRecord: 0.0ms)


Started GET "/assets/application.css?body=1" for 127.0.0.1 at 2013-04-15 12:38:45 -0300
Served asset /application.css - 304 Not Modified (1ms)


Started GET "/assets/prescriptions.css?body=1" for 127.0.0.1 at 2013-04-15 12:38:45 -0300
Served asset /prescriptions.css - 304 Not Modified (1ms)


Started GET "/assets/scaffolds.css?body=1" for 127.0.0.1 at 2013-04-15 12:38:45 -0300
Served asset /scaffolds.css - 304 Not Modified (0ms)


Started GET "/assets/jquery_ujs.js?body=1" for 127.0.0.1 at 2013-04-15 12:38:45 -0300
Served asset /jquery_ujs.js - 304 Not Modified (0ms)


Started GET "/assets/prescriptions.js?body=1" for 127.0.0.1 at 2013-04-15 12:38:45 -0300
Served asset /prescriptions.js - 304 Not Modified (0ms)


Started GET "/assets/jquery.js?body=1" for 127.0.0.1 at 2013-04-15 12:38:45 -0300
Served asset /jquery.js - 304 Not Modified (2ms)


Started GET "/assets/application.js?body=1" for 127.0.0.1 at 2013-04-15 12:38:45 -0300
Served asset /application.js - 304 Not Modified (3ms)


Started GET "/prescriptions/1" for 127.0.0.1 at 2013-04-15 12:39:04 -0300
Processing by PrescriptionsController#show as HTML
  Parameters: {"id"=>"1"}
  [1m[35mPrescription Load (1.1ms)[0m  SELECT `prescriptions`.* FROM `prescriptions` WHERE `prescriptions`.`id` = 1 LIMIT 1
  Rendered prescriptions/show.html.erb within layouts/application (2.2ms)
Completed 200 OK in 24ms (Views: 19.8ms | ActiveRecord: 1.1ms)


Started GET "/assets/application.css?body=1" for 127.0.0.1 at 2013-04-15 12:39:04 -0300
Served asset /application.css - 304 Not Modified (10ms)


Started GET "/assets/prescriptions.css?body=1" for 127.0.0.1 at 2013-04-15 12:39:04 -0300
Served asset /prescriptions.css - 304 Not Modified (1ms)


Started GET "/assets/scaffolds.css?body=1" for 127.0.0.1 at 2013-04-15 12:39:04 -0300
Served asset /scaffolds.css - 304 Not Modified (0ms)


Started GET "/assets/jquery.js?body=1" for 127.0.0.1 at 2013-04-15 12:39:04 -0300
Served asset /jquery.js - 304 Not Modified (2ms)


Started GET "/assets/jquery_ujs.js?body=1" for 127.0.0.1 at 2013-04-15 12:39:04 -0300
Served asset /jquery_ujs.js - 304 Not Modified (0ms)


Started GET "/assets/prescriptions.js?body=1" for 127.0.0.1 at 2013-04-15 12:39:04 -0300
Served asset /prescriptions.js - 304 Not Modified (0ms)


Started GET "/assets/application.js?body=1" for 127.0.0.1 at 2013-04-15 12:39:04 -0300
Served asset /application.js - 304 Not Modified (10ms)


Started GET "/prescriptions/1.json" for 127.0.0.1 at 2013-04-15 12:39:08 -0300
Processing by PrescriptionsController#show as JSON
  Parameters: {"id"=>"1"}
  [1m[36mPrescription Load (0.6ms)[0m  [1mSELECT `prescriptions`.* FROM `prescriptions` WHERE `prescriptions`.`id` = 1 LIMIT 1[0m
  Rendered prescriptions/show.json.rabl (3.7ms)
Completed 200 OK in 15ms (Views: 11.0ms | ActiveRecord: 0.6ms)


Started GET "/prescriptions.json" for 127.0.0.1 at 2013-04-15 12:39:20 -0300
Processing by PrescriptionsController#index as JSON
  [1m[35mPrescription Load (0.4ms)[0m  SELECT `prescriptions`.* FROM `prescriptions` 
  Rendered prescriptions/index.json.rabl (10.3ms)
Completed 200 OK in 20ms (Views: 16.3ms | ActiveRecord: 0.4ms)


Started GET "/prescriptions.json" for 192.168.0.25 at 2013-04-15 13:13:20 -0300
Processing by PrescriptionsController#index as JSON
  [1m[36mPrescription Load (0.4ms)[0m  [1mSELECT `prescriptions`.* FROM `prescriptions` [0m
  Rendered prescriptions/index.json.rabl (9.2ms)
Completed 200 OK in 20ms (Views: 15.5ms | ActiveRecord: 0.4ms)


Started POST "/recipes" for 192.168.0.6 at 2013-04-15 18:05:45 -0300
Connecting to database specified by database.yml

ActionController::RoutingError (No route matches [POST] "/recipes"):
  actionpack (3.2.12) lib/action_dispatch/middleware/debug_exceptions.rb:21:in `call'
  actionpack (3.2.12) lib/action_dispatch/middleware/show_exceptions.rb:56:in `call'
  railties (3.2.12) lib/rails/rack/logger.rb:32:in `call_app'
  railties (3.2.12) lib/rails/rack/logger.rb:16:in `block in call'
  activesupport (3.2.12) lib/active_support/tagged_logging.rb:22:in `tagged'
  railties (3.2.12) lib/rails/rack/logger.rb:16:in `call'
  actionpack (3.2.12) lib/action_dispatch/middleware/request_id.rb:22:in `call'
  rack (1.4.5) lib/rack/methodoverride.rb:21:in `call'
  rack (1.4.5) lib/rack/runtime.rb:17:in `call'
  activesupport (3.2.12) lib/active_support/cache/strategy/local_cache.rb:72:in `call'
  rack (1.4.5) lib/rack/lock.rb:15:in `call'
  actionpack (3.2.12) lib/action_dispatch/middleware/static.rb:62:in `call'
  railties (3.2.12) lib/rails/engine.rb:479:in `call'
  railties (3.2.12) lib/rails/application.rb:223:in `call'
  rack (1.4.5) lib/rack/content_length.rb:14:in `call'
  railties (3.2.12) lib/rails/rack/log_tailer.rb:17:in `call'
  rack (1.4.5) lib/rack/handler/webrick.rb:59:in `service'
  /home/rb4/.rvm/rubies/ruby-1.9.3-p194/lib/ruby/1.9.1/webrick/httpserver.rb:138:in `service'
  /home/rb4/.rvm/rubies/ruby-1.9.3-p194/lib/ruby/1.9.1/webrick/httpserver.rb:94:in `run'
  /home/rb4/.rvm/rubies/ruby-1.9.3-p194/lib/ruby/1.9.1/webrick/server.rb:191:in `block in start_thread'


  Rendered /home/rb4/.rvm/gems/ruby-1.9.3-p194/gems/actionpack-3.2.12/lib/action_dispatch/middleware/templates/rescues/routing_error.erb within rescues/layout (67.2ms)


Started GET "/assets/rails.png" for 127.0.0.1 at 2013-04-16 09:21:09 -0300
Connecting to database specified by database.yml
Served asset /rails.png - 304 Not Modified (108ms)


Started GET "/recipe" for 127.0.0.1 at 2013-04-16 09:21:15 -0300

ActionController::RoutingError (No route matches [GET] "/recipe"):
  actionpack (3.2.12) lib/action_dispatch/middleware/debug_exceptions.rb:21:in `call'
  actionpack (3.2.12) lib/action_dispatch/middleware/show_exceptions.rb:56:in `call'
  railties (3.2.12) lib/rails/rack/logger.rb:32:in `call_app'
  railties (3.2.12) lib/rails/rack/logger.rb:16:in `block in call'
  activesupport (3.2.12) lib/active_support/tagged_logging.rb:22:in `tagged'
  railties (3.2.12) lib/rails/rack/logger.rb:16:in `call'
  actionpack (3.2.12) lib/action_dispatch/middleware/request_id.rb:22:in `call'
  rack (1.4.5) lib/rack/methodoverride.rb:21:in `call'
  rack (1.4.5) lib/rack/runtime.rb:17:in `call'
  activesupport (3.2.12) lib/active_support/cache/strategy/local_cache.rb:72:in `call'
  rack (1.4.5) lib/rack/lock.rb:15:in `call'
  actionpack (3.2.12) lib/action_dispatch/middleware/static.rb:62:in `call'
  railties (3.2.12) lib/rails/engine.rb:479:in `call'
  railties (3.2.12) lib/rails/application.rb:223:in `call'
  rack (1.4.5) lib/rack/content_length.rb:14:in `call'
  railties (3.2.12) lib/rails/rack/log_tailer.rb:17:in `call'
  rack (1.4.5) lib/rack/handler/webrick.rb:59:in `service'
  /home/rb4/.rvm/rubies/ruby-1.9.3-p194/lib/ruby/1.9.1/webrick/httpserver.rb:138:in `service'
  /home/rb4/.rvm/rubies/ruby-1.9.3-p194/lib/ruby/1.9.1/webrick/httpserver.rb:94:in `run'
  /home/rb4/.rvm/rubies/ruby-1.9.3-p194/lib/ruby/1.9.1/webrick/server.rb:191:in `block in start_thread'


  Rendered /home/rb4/.rvm/gems/ruby-1.9.3-p194/gems/actionpack-3.2.12/lib/action_dispatch/middleware/templates/rescues/routing_error.erb within rescues/layout (13.0ms)


Started GET "/recipes" for 127.0.0.1 at 2013-04-16 09:21:17 -0300

ActionController::RoutingError (No route matches [GET] "/recipes"):
  actionpack (3.2.12) lib/action_dispatch/middleware/debug_exceptions.rb:21:in `call'
  actionpack (3.2.12) lib/action_dispatch/middleware/show_exceptions.rb:56:in `call'
  railties (3.2.12) lib/rails/rack/logger.rb:32:in `call_app'
  railties (3.2.12) lib/rails/rack/logger.rb:16:in `block in call'
  activesupport (3.2.12) lib/active_support/tagged_logging.rb:22:in `tagged'
  railties (3.2.12) lib/rails/rack/logger.rb:16:in `call'
  actionpack (3.2.12) lib/action_dispatch/middleware/request_id.rb:22:in `call'
  rack (1.4.5) lib/rack/methodoverride.rb:21:in `call'
  rack (1.4.5) lib/rack/runtime.rb:17:in `call'
  activesupport (3.2.12) lib/active_support/cache/strategy/local_cache.rb:72:in `call'
  rack (1.4.5) lib/rack/lock.rb:15:in `call'
  actionpack (3.2.12) lib/action_dispatch/middleware/static.rb:62:in `call'
  railties (3.2.12) lib/rails/engine.rb:479:in `call'
  railties (3.2.12) lib/rails/application.rb:223:in `call'
  rack (1.4.5) lib/rack/content_length.rb:14:in `call'
  railties (3.2.12) lib/rails/rack/log_tailer.rb:17:in `call'
  rack (1.4.5) lib/rack/handler/webrick.rb:59:in `service'
  /home/rb4/.rvm/rubies/ruby-1.9.3-p194/lib/ruby/1.9.1/webrick/httpserver.rb:138:in `service'
  /home/rb4/.rvm/rubies/ruby-1.9.3-p194/lib/ruby/1.9.1/webrick/httpserver.rb:94:in `run'
  /home/rb4/.rvm/rubies/ruby-1.9.3-p194/lib/ruby/1.9.1/webrick/server.rb:191:in `block in start_thread'


  Rendered /home/rb4/.rvm/gems/ruby-1.9.3-p194/gems/actionpack-3.2.12/lib/action_dispatch/middleware/templates/rescues/routing_error.erb within rescues/layout (2.3ms)


Started GET "/prescriptions.json" for 127.0.0.1 at 2013-04-16 09:22:43 -0300
Processing by PrescriptionsController#index as JSON
  [1m[36mPrescription Load (1.1ms)[0m  [1mSELECT `prescriptions`.* FROM `prescriptions` [0m
  Rendered prescriptions/index.json.rabl (14.6ms)
Completed 200 OK in 269ms (Views: 23.2ms | ActiveRecord: 5.2ms)


Started GET "/prescriptions.json" for 192.168.0.6 at 2013-04-16 09:25:56 -0300
Processing by PrescriptionsController#index as JSON
  [1m[35mPrescription Load (0.6ms)[0m  SELECT `prescriptions`.* FROM `prescriptions` 
  Rendered prescriptions/index.json.rabl (8.2ms)
Completed 200 OK in 18ms (Views: 13.6ms | ActiveRecord: 0.6ms)


Started GET "/prescriptions.json" for 127.0.0.1 at 2013-04-16 09:31:12 -0300
Connecting to database specified by database.yml
Processing by PrescriptionsController#index as JSON
  [1m[36mPrescription Load (0.4ms)[0m  [1mSELECT `prescriptions`.* FROM `prescriptions` [0m
  Rendered prescriptions/index.json.rabl (14.7ms)
Completed 200 OK in 287ms (Views: 116.0ms | ActiveRecord: 4.7ms)


Started GET "/prescriptions.json" for 192.168.0.6 at 2013-04-16 09:33:15 -0300
Processing by PrescriptionsController#index as JSON
  [1m[35mPrescription Load (0.6ms)[0m  SELECT `prescriptions`.* FROM `prescriptions` 
  Rendered prescriptions/index.json.rabl (9.7ms)
Completed 200 OK in 20ms (Views: 15.5ms | ActiveRecord: 0.6ms)


Started POST "/prescriptions" for 192.168.0.6 at 2013-04-16 09:41:26 -0300
Processing by PrescriptionsController#create as JSON
  Parameters: {"presicription"=>{"name"=>"Feijao"}, "prescription"=>{"ingredients"=>"Pacote de feijao, agua"}}
WARNING: Can't verify CSRF token authenticity
  [1m[36m (0.5ms)[0m  [1mBEGIN[0m
  [1m[35mSQL (25.2ms)[0m  INSERT INTO `prescriptions` (`created_at`, `ingredients`, `name`, `updated_at`) VALUES ('2013-04-16 12:41:26', 'Pacote de feijao, agua', NULL, '2013-04-16 12:41:26')
  [1m[36m (61.7ms)[0m  [1mCOMMIT[0m
Completed 201 Created in 139ms (Views: 4.7ms | ActiveRecord: 87.4ms)


Started GET "/prescriptions.json" for 127.0.0.1 at 2013-04-16 09:41:31 -0300
Processing by PrescriptionsController#index as JSON
  [1m[35mPrescription Load (1.1ms)[0m  SELECT `prescriptions`.* FROM `prescriptions` 
  Rendered prescriptions/index.json.rabl (13.0ms)
Completed 200 OK in 24ms (Views: 18.8ms | ActiveRecord: 1.1ms)


Started POST "/prescriptions" for 192.168.0.6 at 2013-04-16 09:50:43 -0300
Processing by PrescriptionsController#create as JSON
  Parameters: {"presicription"=>{"name"=>""}, "prescription"=>{"ingredients"=>""}}
WARNING: Can't verify CSRF token authenticity
  [1m[36m (0.5ms)[0m  [1mBEGIN[0m
  [1m[35mSQL (0.9ms)[0m  INSERT INTO `prescriptions` (`created_at`, `ingredients`, `name`, `updated_at`) VALUES ('2013-04-16 12:50:43', '', NULL, '2013-04-16 12:50:43')
  [1m[36m (311.5ms)[0m  [1mCOMMIT[0m
Completed 201 Created in 324ms (Views: 3.7ms | ActiveRecord: 312.9ms)


Started GET "/prescriptions." for 127.0.0.1 at 2013-04-16 09:52:26 -0300

ActionController::RoutingError (No route matches [GET] "/prescriptions."):
  actionpack (3.2.12) lib/action_dispatch/middleware/debug_exceptions.rb:21:in `call'
  actionpack (3.2.12) lib/action_dispatch/middleware/show_exceptions.rb:56:in `call'
  railties (3.2.12) lib/rails/rack/logger.rb:32:in `call_app'
  railties (3.2.12) lib/rails/rack/logger.rb:16:in `block in call'
  activesupport (3.2.12) lib/active_support/tagged_logging.rb:22:in `tagged'
  railties (3.2.12) lib/rails/rack/logger.rb:16:in `call'
  actionpack (3.2.12) lib/action_dispatch/middleware/request_id.rb:22:in `call'
  rack (1.4.5) lib/rack/methodoverride.rb:21:in `call'
  rack (1.4.5) lib/rack/runtime.rb:17:in `call'
  activesupport (3.2.12) lib/active_support/cache/strategy/local_cache.rb:72:in `call'
  rack (1.4.5) lib/rack/lock.rb:15:in `call'
  actionpack (3.2.12) lib/action_dispatch/middleware/static.rb:62:in `call'
  railties (3.2.12) lib/rails/engine.rb:479:in `call'
  railties (3.2.12) lib/rails/application.rb:223:in `call'
  rack (1.4.5) lib/rack/content_length.rb:14:in `call'
  railties (3.2.12) lib/rails/rack/log_tailer.rb:17:in `call'
  rack (1.4.5) lib/rack/handler/webrick.rb:59:in `service'
  /home/rb4/.rvm/rubies/ruby-1.9.3-p194/lib/ruby/1.9.1/webrick/httpserver.rb:138:in `service'
  /home/rb4/.rvm/rubies/ruby-1.9.3-p194/lib/ruby/1.9.1/webrick/httpserver.rb:94:in `run'
  /home/rb4/.rvm/rubies/ruby-1.9.3-p194/lib/ruby/1.9.1/webrick/server.rb:191:in `block in start_thread'


  Rendered /home/rb4/.rvm/gems/ruby-1.9.3-p194/gems/actionpack-3.2.12/lib/action_dispatch/middleware/templates/rescues/routing_error.erb within rescues/layout (20.4ms)


Started GET "/prescriptions" for 127.0.0.1 at 2013-04-16 09:52:28 -0300
Processing by PrescriptionsController#index as HTML
  [1m[35mPrescription Load (1.1ms)[0m  SELECT `prescriptions`.* FROM `prescriptions` 
  Rendered prescriptions/index.html.erb within layouts/application (21.3ms)
Completed 200 OK in 427ms (Views: 420.6ms | ActiveRecord: 1.1ms)


Started GET "/assets/application.css?body=1" for 127.0.0.1 at 2013-04-16 09:52:29 -0300
Served asset /application.css - 304 Not Modified (34ms)


Started GET "/assets/scaffolds.css?body=1" for 127.0.0.1 at 2013-04-16 09:52:29 -0300
Served asset /scaffolds.css - 304 Not Modified (14ms)


Started GET "/assets/prescriptions.css?body=1" for 127.0.0.1 at 2013-04-16 09:52:29 -0300
Served asset /prescriptions.css - 304 Not Modified (27ms)


Started GET "/assets/jquery_ujs.js?body=1" for 127.0.0.1 at 2013-04-16 09:52:29 -0300
Served asset /jquery_ujs.js - 304 Not Modified (7ms)


Started GET "/assets/application.js?body=1" for 127.0.0.1 at 2013-04-16 09:52:29 -0300
Served asset /application.js - 304 Not Modified (22ms)


Started GET "/assets/jquery.js?body=1" for 127.0.0.1 at 2013-04-16 09:52:29 -0300
Served asset /jquery.js - 304 Not Modified (15ms)


Started GET "/assets/prescriptions.js?body=1" for 127.0.0.1 at 2013-04-16 09:52:29 -0300
Served asset /prescriptions.js - 304 Not Modified (17ms)


Started GET "/prescriptions/3/edit" for 127.0.0.1 at 2013-04-16 09:52:32 -0300
Processing by PrescriptionsController#edit as HTML
  Parameters: {"id"=>"3"}
  [1m[36mPrescription Load (0.9ms)[0m  [1mSELECT `prescriptions`.* FROM `prescriptions` WHERE `prescriptions`.`id` = 3 LIMIT 1[0m
  Rendered prescriptions/_form.html.erb (96.4ms)
  Rendered prescriptions/edit.html.erb within layouts/application (132.7ms)
Completed 200 OK in 171ms (Views: 160.1ms | ActiveRecord: 0.9ms)


Started GET "/assets/application.css?body=1" for 127.0.0.1 at 2013-04-16 09:52:32 -0300
Served asset /application.css - 304 Not Modified (9ms)


Started GET "/assets/jquery_ujs.js?body=1" for 127.0.0.1 at 2013-04-16 09:52:32 -0300
Served asset /jquery_ujs.js - 304 Not Modified (0ms)


Started GET "/assets/prescriptions.css?body=1" for 127.0.0.1 at 2013-04-16 09:52:32 -0300
Served asset /prescriptions.css - 304 Not Modified (0ms)


Started GET "/assets/prescriptions.js?body=1" for 127.0.0.1 at 2013-04-16 09:52:32 -0300
Served asset /prescriptions.js - 304 Not Modified (0ms)


Started GET "/assets/jquery.js?body=1" for 127.0.0.1 at 2013-04-16 09:52:32 -0300
Served asset /jquery.js - 304 Not Modified (2ms)


Started GET "/assets/scaffolds.css?body=1" for 127.0.0.1 at 2013-04-16 09:52:32 -0300
Served asset /scaffolds.css - 304 Not Modified (0ms)


Started GET "/assets/application.js?body=1" for 127.0.0.1 at 2013-04-16 09:52:32 -0300
Served asset /application.js - 304 Not Modified (9ms)


Started PUT "/prescriptions/3" for 127.0.0.1 at 2013-04-16 09:53:07 -0300
Processing by PrescriptionsController#update as HTML
  Parameters: {"utf8"=>"✓", "authenticity_token"=>"M80hI5QPU2BAAyvxCbEfpSLHIPSVGarfpRhpXmIEyCk=", "prescription"=>{"name"=>"Feijao", "ingredients"=>"Pacote de feijao, agua"}, "commit"=>"Update Prescription", "id"=>"3"}
  [1m[35mPrescription Load (0.9ms)[0m  SELECT `prescriptions`.* FROM `prescriptions` WHERE `prescriptions`.`id` = 3 LIMIT 1
  [1m[36m (0.3ms)[0m  [1mBEGIN[0m
  [1m[35m (43.1ms)[0m  UPDATE `prescriptions` SET `name` = 'Feijao', `updated_at` = '2013-04-16 12:53:07' WHERE `prescriptions`.`id` = 3
  [1m[36m (80.0ms)[0m  [1mCOMMIT[0m
Redirected to http://localhost:3000/prescriptions/3
Completed 302 Found in 146ms (ActiveRecord: 124.3ms)


Started GET "/prescriptions/3" for 127.0.0.1 at 2013-04-16 09:53:08 -0300
Processing by PrescriptionsController#show as HTML
  Parameters: {"id"=>"3"}
  [1m[35mPrescription Load (1.0ms)[0m  SELECT `prescriptions`.* FROM `prescriptions` WHERE `prescriptions`.`id` = 3 LIMIT 1
  Rendered prescriptions/show.html.erb within layouts/application (6.0ms)
Completed 200 OK in 48ms (Views: 41.4ms | ActiveRecord: 1.0ms)


Started GET "/assets/application.css?body=1" for 127.0.0.1 at 2013-04-16 09:53:08 -0300
Served asset /application.css - 304 Not Modified (3ms)


Started GET "/assets/prescriptions.css?body=1" for 127.0.0.1 at 2013-04-16 09:53:08 -0300
Served asset /prescriptions.css - 304 Not Modified (0ms)


Started GET "/assets/scaffolds.css?body=1" for 127.0.0.1 at 2013-04-16 09:53:08 -0300
Served asset /scaffolds.css - 304 Not Modified (0ms)


Started GET "/assets/prescriptions.js?body=1" for 127.0.0.1 at 2013-04-16 09:53:08 -0300
Served asset /prescriptions.js - 304 Not Modified (0ms)


Started GET "/assets/application.js?body=1" for 127.0.0.1 at 2013-04-16 09:53:08 -0300
Served asset /application.js - 304 Not Modified (3ms)


Started GET "/assets/jquery_ujs.js?body=1" for 127.0.0.1 at 2013-04-16 09:53:08 -0300
Served asset /jquery_ujs.js - 304 Not Modified (71ms)


Started GET "/assets/jquery.js?body=1" for 127.0.0.1 at 2013-04-16 09:53:08 -0300
Served asset /jquery.js - 304 Not Modified (2ms)


Started GET "/prescriptions" for 127.0.0.1 at 2013-04-16 09:53:09 -0300
Processing by PrescriptionsController#index as HTML
  [1m[36mPrescription Load (0.9ms)[0m  [1mSELECT `prescriptions`.* FROM `prescriptions` [0m
  Rendered prescriptions/index.html.erb within layouts/application (15.0ms)
Completed 200 OK in 44ms (Views: 36.1ms | ActiveRecord: 0.9ms)


Started GET "/assets/application.css?body=1" for 127.0.0.1 at 2013-04-16 09:53:10 -0300
Served asset /application.css - 304 Not Modified (1ms)


Started GET "/assets/prescriptions.css?body=1" for 127.0.0.1 at 2013-04-16 09:53:10 -0300
Served asset /prescriptions.css - 304 Not Modified (0ms)


Started GET "/assets/scaffolds.css?body=1" for 127.0.0.1 at 2013-04-16 09:53:10 -0300
Served asset /scaffolds.css - 304 Not Modified (0ms)


Started GET "/assets/jquery.js?body=1" for 127.0.0.1 at 2013-04-16 09:53:10 -0300
Served asset /jquery.js - 304 Not Modified (3ms)


Started GET "/assets/jquery_ujs.js?body=1" for 127.0.0.1 at 2013-04-16 09:53:10 -0300
Served asset /jquery_ujs.js - 304 Not Modified (0ms)


Started GET "/assets/application.js?body=1" for 127.0.0.1 at 2013-04-16 09:53:10 -0300
Served asset /application.js - 304 Not Modified (3ms)


Started GET "/assets/prescriptions.js?body=1" for 127.0.0.1 at 2013-04-16 09:53:10 -0300
Served asset /prescriptions.js - 304 Not Modified (0ms)


Started GET "/prescriptions/4/edit" for 127.0.0.1 at 2013-04-16 09:53:12 -0300
Processing by PrescriptionsController#edit as HTML
  Parameters: {"id"=>"4"}
  [1m[35mPrescription Load (0.9ms)[0m  SELECT `prescriptions`.* FROM `prescriptions` WHERE `prescriptions`.`id` = 4 LIMIT 1
  Rendered prescriptions/_form.html.erb (8.9ms)
  Rendered prescriptions/edit.html.erb within layouts/application (13.1ms)
Completed 200 OK in 40ms (Views: 35.8ms | ActiveRecord: 0.9ms)


Started GET "/assets/application.css?body=1" for 127.0.0.1 at 2013-04-16 09:53:12 -0300
Served asset /application.css - 304 Not Modified (1ms)


Started GET "/assets/jquery.js?body=1" for 127.0.0.1 at 2013-04-16 09:53:12 -0300
Served asset /jquery.js - 304 Not Modified (3ms)


Started GET "/assets/prescriptions.js?body=1" for 127.0.0.1 at 2013-04-16 09:53:12 -0300
Served asset /prescriptions.js - 304 Not Modified (10ms)


Started GET "/assets/jquery_ujs.js?body=1" for 127.0.0.1 at 2013-04-16 09:53:12 -0300
Served asset /jquery_ujs.js - 304 Not Modified (0ms)


Started GET "/assets/scaffolds.css?body=1" for 127.0.0.1 at 2013-04-16 09:53:12 -0300
Served asset /scaffolds.css - 304 Not Modified (0ms)


Started GET "/assets/prescriptions.css?body=1" for 127.0.0.1 at 2013-04-16 09:53:12 -0300
Served asset /prescriptions.css - 304 Not Modified (0ms)


Started GET "/assets/application.js?body=1" for 127.0.0.1 at 2013-04-16 09:53:12 -0300
Served asset /application.js - 304 Not Modified (4ms)


Started PUT "/prescriptions/4" for 127.0.0.1 at 2013-04-16 09:53:21 -0300
Processing by PrescriptionsController#update as HTML
  Parameters: {"utf8"=>"✓", "authenticity_token"=>"M80hI5QPU2BAAyvxCbEfpSLHIPSVGarfpRhpXmIEyCk=", "prescription"=>{"name"=>"Teste 1", "ingredients"=>"Teste 1"}, "commit"=>"Update Prescription", "id"=>"4"}
  [1m[36mPrescription Load (0.4ms)[0m  [1mSELECT `prescriptions`.* FROM `prescriptions` WHERE `prescriptions`.`id` = 4 LIMIT 1[0m
  [1m[35m (0.4ms)[0m  BEGIN
  [1m[36m (1.0ms)[0m  [1mUPDATE `prescriptions` SET `name` = 'Teste 1', `ingredients` = 'Teste 1', `updated_at` = '2013-04-16 12:53:21' WHERE `prescriptions`.`id` = 4[0m
  [1m[35m (96.6ms)[0m  COMMIT
Redirected to http://localhost:3000/prescriptions/4
Completed 302 Found in 110ms (ActiveRecord: 98.4ms)


Started GET "/prescriptions/4" for 127.0.0.1 at 2013-04-16 09:53:21 -0300
Processing by PrescriptionsController#show as HTML
  Parameters: {"id"=>"4"}
  [1m[36mPrescription Load (0.9ms)[0m  [1mSELECT `prescriptions`.* FROM `prescriptions` WHERE `prescriptions`.`id` = 4 LIMIT 1[0m
  Rendered prescriptions/show.html.erb within layouts/application (2.2ms)
Completed 200 OK in 27ms (Views: 22.5ms | ActiveRecord: 0.9ms)


Started GET "/assets/application.css?body=1" for 127.0.0.1 at 2013-04-16 09:53:21 -0300
Served asset /application.css - 304 Not Modified (1ms)


Started GET "/assets/prescriptions.css?body=1" for 127.0.0.1 at 2013-04-16 09:53:21 -0300
Served asset /prescriptions.css - 304 Not Modified (0ms)


Started GET "/assets/prescriptions.js?body=1" for 127.0.0.1 at 2013-04-16 09:53:21 -0300
Served asset /prescriptions.js - 304 Not Modified (0ms)


Started GET "/assets/scaffolds.css?body=1" for 127.0.0.1 at 2013-04-16 09:53:21 -0300
Served asset /scaffolds.css - 304 Not Modified (0ms)


Started GET "/assets/jquery_ujs.js?body=1" for 127.0.0.1 at 2013-04-16 09:53:21 -0300
Served asset /jquery_ujs.js - 304 Not Modified (0ms)


Started GET "/assets/jquery.js?body=1" for 127.0.0.1 at 2013-04-16 09:53:21 -0300
Served asset /jquery.js - 304 Not Modified (3ms)


Started GET "/assets/application.js?body=1" for 127.0.0.1 at 2013-04-16 09:53:21 -0300
Served asset /application.js - 304 Not Modified (8ms)


Started GET "/prescriptions" for 127.0.0.1 at 2013-04-16 09:53:22 -0300
Processing by PrescriptionsController#index as HTML
  [1m[35mPrescription Load (1.0ms)[0m  SELECT `prescriptions`.* FROM `prescriptions` 
  Rendered prescriptions/index.html.erb within layouts/application (13.7ms)
Completed 200 OK in 38ms (Views: 33.8ms | ActiveRecord: 1.0ms)


Started GET "/assets/application.css?body=1" for 127.0.0.1 at 2013-04-16 09:53:22 -0300
Served asset /application.css - 304 Not Modified (1ms)


Started GET "/assets/prescriptions.css?body=1" for 127.0.0.1 at 2013-04-16 09:53:23 -0300
Served asset /prescriptions.css - 304 Not Modified (0ms)


Started GET "/assets/application.js?body=1" for 127.0.0.1 at 2013-04-16 09:53:23 -0300
Served asset /application.js - 304 Not Modified (7ms)


Started GET "/assets/scaffolds.css?body=1" for 127.0.0.1 at 2013-04-16 09:53:23 -0300
Served asset /scaffolds.css - 304 Not Modified (0ms)


Started GET "/assets/prescriptions.js?body=1" for 127.0.0.1 at 2013-04-16 09:53:23 -0300
Served asset /prescriptions.js - 304 Not Modified (1ms)


Started GET "/assets/jquery.js?body=1" for 127.0.0.1 at 2013-04-16 09:53:23 -0300
Served asset /jquery.js - 304 Not Modified (2ms)


Started GET "/assets/jquery_ujs.js?body=1" for 127.0.0.1 at 2013-04-16 09:53:23 -0300
Served asset /jquery_ujs.js - 304 Not Modified (0ms)


Started GET "/prescriptions.json" for 127.0.0.1 at 2013-04-16 09:55:55 -0300
Processing by PrescriptionsController#index as JSON
  [1m[36mPrescription Load (0.4ms)[0m  [1mSELECT `prescriptions`.* FROM `prescriptions` [0m
  Rendered prescriptions/index.json.rabl (15.8ms)
Completed 200 OK in 25ms (Views: 21.5ms | ActiveRecord: 0.4ms)


Started POST "/prescriptions" for 192.168.0.6 at 2013-04-16 09:56:45 -0300
Processing by PrescriptionsController#create as JSON
  Parameters: {"presicription"=>{"name"=>"Oi"}, "prescription"=>{"ingredients"=>"Tudo bem?"}}
WARNING: Can't verify CSRF token authenticity
  [1m[35m (0.5ms)[0m  BEGIN
  [1m[36mSQL (0.9ms)[0m  [1mINSERT INTO `prescriptions` (`created_at`, `ingredients`, `name`, `updated_at`) VALUES ('2013-04-16 12:56:45', 'Tudo bem?', NULL, '2013-04-16 12:56:45')[0m
  [1m[35m (299.9ms)[0m  COMMIT
Completed 201 Created in 313ms (Views: 3.0ms | ActiveRecord: 301.3ms)


Started GET "/prescriptions.json" for 127.0.0.1 at 2013-04-16 09:56:53 -0300
Processing by PrescriptionsController#index as JSON
  [1m[36mPrescription Load (0.8ms)[0m  [1mSELECT `prescriptions`.* FROM `prescriptions` [0m
  Rendered prescriptions/index.json.rabl (17.6ms)
Completed 200 OK in 29ms (Views: 23.5ms | ActiveRecord: 0.8ms)


Started GET "/prescriptions" for 127.0.0.1 at 2013-04-16 09:57:59 -0300
Processing by PrescriptionsController#index as HTML
  [1m[35mPrescription Load (0.4ms)[0m  SELECT `prescriptions`.* FROM `prescriptions` 
  Rendered prescriptions/index.html.erb within layouts/application (18.8ms)
Completed 200 OK in 46ms (Views: 40.5ms | ActiveRecord: 0.4ms)


Started GET "/assets/application.css?body=1" for 127.0.0.1 at 2013-04-16 09:58:00 -0300
Served asset /application.css - 304 Not Modified (1ms)


Started GET "/assets/scaffolds.css?body=1" for 127.0.0.1 at 2013-04-16 09:58:00 -0300
Served asset /scaffolds.css - 304 Not Modified (0ms)


Started GET "/assets/jquery.js?body=1" for 127.0.0.1 at 2013-04-16 09:58:00 -0300
Served asset /jquery.js - 304 Not Modified (2ms)


Started GET "/assets/prescriptions.css?body=1" for 127.0.0.1 at 2013-04-16 09:58:00 -0300
Served asset /prescriptions.css - 304 Not Modified (0ms)


Started GET "/assets/jquery_ujs.js?body=1" for 127.0.0.1 at 2013-04-16 09:58:00 -0300
Served asset /jquery_ujs.js - 304 Not Modified (1ms)


Started GET "/assets/prescriptions.js?body=1" for 127.0.0.1 at 2013-04-16 09:58:00 -0300
Served asset /prescriptions.js - 304 Not Modified (1ms)


Started GET "/assets/application.js?body=1" for 127.0.0.1 at 2013-04-16 09:58:00 -0300
Served asset /application.js - 304 Not Modified (3ms)


Started GET "/prescriptions/5/edit" for 127.0.0.1 at 2013-04-16 09:58:02 -0300
Processing by PrescriptionsController#edit as HTML
  Parameters: {"id"=>"5"}
  [1m[36mPrescription Load (1.1ms)[0m  [1mSELECT `prescriptions`.* FROM `prescriptions` WHERE `prescriptions`.`id` = 5 LIMIT 1[0m
  Rendered prescriptions/_form.html.erb (8.8ms)
  Rendered prescriptions/edit.html.erb within layouts/application (12.9ms)
Completed 200 OK in 37ms (Views: 32.7ms | ActiveRecord: 1.1ms)


Started GET "/assets/application.css?body=1" for 127.0.0.1 at 2013-04-16 09:58:03 -0300
Served asset /application.css - 304 Not Modified (2ms)


Started GET "/assets/prescriptions.css?body=1" for 127.0.0.1 at 2013-04-16 09:58:03 -0300
Served asset /prescriptions.css - 304 Not Modified (0ms)


Started GET "/assets/jquery_ujs.js?body=1" for 127.0.0.1 at 2013-04-16 09:58:03 -0300
Served asset /jquery_ujs.js - 304 Not Modified (1ms)


Started GET "/assets/prescriptions.js?body=1" for 127.0.0.1 at 2013-04-16 09:58:03 -0300
Served asset /prescriptions.js - 304 Not Modified (0ms)


Started GET "/assets/scaffolds.css?body=1" for 127.0.0.1 at 2013-04-16 09:58:03 -0300
Served asset /scaffolds.css - 304 Not Modified (0ms)


Started GET "/assets/jquery.js?body=1" for 127.0.0.1 at 2013-04-16 09:58:03 -0300
Served asset /jquery.js - 304 Not Modified (4ms)


Started GET "/assets/application.js?body=1" for 127.0.0.1 at 2013-04-16 09:58:03 -0300
Served asset /application.js - 304 Not Modified (3ms)


Started PUT "/prescriptions/5" for 127.0.0.1 at 2013-04-16 09:58:06 -0300
Processing by PrescriptionsController#update as HTML
  Parameters: {"utf8"=>"✓", "authenticity_token"=>"M80hI5QPU2BAAyvxCbEfpSLHIPSVGarfpRhpXmIEyCk=", "prescription"=>{"name"=>"Oi", "ingredients"=>"Tudo bem?"}, "commit"=>"Update Prescription", "id"=>"5"}
  [1m[35mPrescription Load (0.5ms)[0m  SELECT `prescriptions`.* FROM `prescriptions` WHERE `prescriptions`.`id` = 5 LIMIT 1
  [1m[36m (0.5ms)[0m  [1mBEGIN[0m
  [1m[35m (0.9ms)[0m  UPDATE `prescriptions` SET `name` = 'Oi', `updated_at` = '2013-04-16 12:58:06' WHERE `prescriptions`.`id` = 5
  [1m[36m (92.9ms)[0m  [1mCOMMIT[0m
Redirected to http://localhost:3000/prescriptions/5
Completed 302 Found in 110ms (ActiveRecord: 94.8ms)


Started GET "/prescriptions/5" for 127.0.0.1 at 2013-04-16 09:58:06 -0300
Processing by PrescriptionsController#show as HTML
  Parameters: {"id"=>"5"}
  [1m[35mPrescription Load (1.0ms)[0m  SELECT `prescriptions`.* FROM `prescriptions` WHERE `prescriptions`.`id` = 5 LIMIT 1
  Rendered prescriptions/show.html.erb within layouts/application (2.1ms)
Completed 200 OK in 28ms (Views: 22.9ms | ActiveRecord: 1.0ms)


Started GET "/assets/prescriptions.css?body=1" for 127.0.0.1 at 2013-04-16 09:58:06 -0300
Served asset /prescriptions.css - 304 Not Modified (0ms)


Started GET "/assets/application.css?body=1" for 127.0.0.1 at 2013-04-16 09:58:06 -0300
Served asset /application.css - 304 Not Modified (10ms)


Started GET "/assets/scaffolds.css?body=1" for 127.0.0.1 at 2013-04-16 09:58:06 -0300
Served asset /scaffolds.css - 304 Not Modified (0ms)


Started GET "/assets/jquery.js?body=1" for 127.0.0.1 at 2013-04-16 09:58:06 -0300
Served asset /jquery.js - 304 Not Modified (2ms)


Started GET "/assets/prescriptions.js?body=1" for 127.0.0.1 at 2013-04-16 09:58:06 -0300
Served asset /prescriptions.js - 304 Not Modified (4ms)


Started GET "/assets/jquery_ujs.js?body=1" for 127.0.0.1 at 2013-04-16 09:58:06 -0300
Served asset /jquery_ujs.js - 304 Not Modified (0ms)


Started GET "/assets/application.js?body=1" for 127.0.0.1 at 2013-04-16 09:58:06 -0300
Served asset /application.js - 304 Not Modified (5ms)


Started GET "/prescriptions.json" for 127.0.0.1 at 2013-04-16 09:58:12 -0300
Processing by PrescriptionsController#index as JSON
  [1m[36mPrescription Load (1.0ms)[0m  [1mSELECT `prescriptions`.* FROM `prescriptions` [0m
  Rendered prescriptions/index.json.rabl (18.7ms)
Completed 200 OK in 30ms (Views: 24.1ms | ActiveRecord: 1.0ms)


Started POST "/prescriptions" for 192.168.0.6 at 2013-04-16 10:00:29 -0300
Processing by PrescriptionsController#create as JSON
  Parameters: {"prescription"=>{"name"=>"Filé de boi", "ingredients"=>"200g de alcatra"}}
WARNING: Can't verify CSRF token authenticity
  [1m[35m (0.5ms)[0m  BEGIN
  [1m[36mSQL (0.9ms)[0m  [1mINSERT INTO `prescriptions` (`created_at`, `ingredients`, `name`, `updated_at`) VALUES ('2013-04-16 13:00:29', '200g de alcatra', 'Filé de boi', '2013-04-16 13:00:29')[0m
  [1m[35m (78.5ms)[0m  COMMIT
Completed 201 Created in 90ms (Views: 3.3ms | ActiveRecord: 79.8ms)


Started GET "/prescriptions.json" for 127.0.0.1 at 2013-04-16 10:00:37 -0300
Processing by PrescriptionsController#index as JSON
  [1m[36mPrescription Load (1.1ms)[0m  [1mSELECT `prescriptions`.* FROM `prescriptions` [0m
  Rendered prescriptions/index.json.rabl (20.5ms)
Completed 200 OK in 31ms (Views: 25.9ms | ActiveRecord: 1.1ms)


Started POST "/prescriptions" for 192.168.0.6 at 2013-04-16 10:03:18 -0300
Processing by PrescriptionsController#create as JSON
  Parameters: {"prescription"=>{"name"=>"Miojo", "ingredients"=>"Pacote de miojo, agua"}}
WARNING: Can't verify CSRF token authenticity
  [1m[35m (0.5ms)[0m  BEGIN
  [1m[36mSQL (1.0ms)[0m  [1mINSERT INTO `prescriptions` (`created_at`, `ingredients`, `name`, `updated_at`) VALUES ('2013-04-16 13:03:18', 'Pacote de miojo, agua', 'Miojo', '2013-04-16 13:03:18')[0m
  [1m[35m (81.7ms)[0m  COMMIT
Completed 201 Created in 92ms (Views: 2.6ms | ActiveRecord: 83.2ms)


Started POST "/prescriptions" for 192.168.0.6 at 2013-04-16 10:03:46 -0300
Processing by PrescriptionsController#create as JSON
  Parameters: {"prescription"=>{"name"=>"oi", "ingredients"=>"fuckbyiu"}}
WARNING: Can't verify CSRF token authenticity
  [1m[36m (0.5ms)[0m  [1mBEGIN[0m
  [1m[35mSQL (0.9ms)[0m  INSERT INTO `prescriptions` (`created_at`, `ingredients`, `name`, `updated_at`) VALUES ('2013-04-16 13:03:46', 'fuckbyiu', 'oi', '2013-04-16 13:03:46')
  [1m[36m (65.3ms)[0m  [1mCOMMIT[0m
Completed 201 Created in 76ms (Views: 2.6ms | ActiveRecord: 66.7ms)


Started GET "/prescriptions.json" for 127.0.0.1 at 2013-04-16 10:09:16 -0300
Processing by PrescriptionsController#index as JSON
  [1m[35mPrescription Load (0.9ms)[0m  SELECT `prescriptions`.* FROM `prescriptions` 
  Rendered prescriptions/index.json.rabl (25.5ms)
Completed 200 OK in 42ms (Views: 30.7ms | ActiveRecord: 0.9ms)


Started GET "/prescriptions.json" for 192.168.0.6 at 2013-04-16 10:51:11 -0300
Processing by PrescriptionsController#index as JSON
  [1m[36mPrescription Load (0.6ms)[0m  [1mSELECT `prescriptions`.* FROM `prescriptions` [0m
  Rendered prescriptions/index.json.rabl (26.4ms)
Completed 200 OK in 38ms (Views: 32.2ms | ActiveRecord: 0.6ms)


Started GET "/prescriptions.json" for 192.168.0.6 at 2013-04-16 10:58:37 -0300
Processing by PrescriptionsController#index as JSON
  [1m[35mPrescription Load (0.6ms)[0m  SELECT `prescriptions`.* FROM `prescriptions` 
  Rendered prescriptions/index.json.rabl (25.2ms)
Completed 200 OK in 35ms (Views: 30.3ms | ActiveRecord: 0.6ms)


Started GET "/prescriptions.json" for 192.168.0.6 at 2013-04-16 15:18:59 -0300
Connecting to database specified by database.yml
Processing by PrescriptionsController#index as JSON
  [1m[36mPrescription Load (1.2ms)[0m  [1mSELECT `prescriptions`.* FROM `prescriptions` [0m
  Rendered prescriptions/index.json.rabl (30.9ms)
Completed 200 OK in 376ms (Views: 96.4ms | ActiveRecord: 5.7ms)


Started GET "/prescriptions.json" for 192.168.0.6 at 2013-04-16 15:26:35 -0300
Processing by PrescriptionsController#index as JSON
  [1m[35mPrescription Load (0.6ms)[0m  SELECT `prescriptions`.* FROM `prescriptions` 
  Rendered prescriptions/index.json.rabl (25.3ms)
Completed 200 OK in 37ms (Views: 30.9ms | ActiveRecord: 0.6ms)


Started GET "/prescriptions.json" for 192.168.0.6 at 2013-04-16 15:28:06 -0300
Processing by PrescriptionsController#index as JSON
  [1m[36mPrescription Load (0.6ms)[0m  [1mSELECT `prescriptions`.* FROM `prescriptions` [0m
  Rendered prescriptions/index.json.rabl (84.7ms)
Completed 200 OK in 95ms (Views: 90.0ms | ActiveRecord: 0.6ms)


Started GET "/prescriptions.json" for 192.168.0.6 at 2013-04-16 15:29:18 -0300
Processing by PrescriptionsController#index as JSON
  [1m[35mPrescription Load (0.7ms)[0m  SELECT `prescriptions`.* FROM `prescriptions` 
  Rendered prescriptions/index.json.rabl (25.2ms)
Completed 200 OK in 36ms (Views: 30.8ms | ActiveRecord: 0.7ms)


Started GET "/prescriptions.json" for 192.168.0.6 at 2013-04-16 15:30:26 -0300
Processing by PrescriptionsController#index as JSON
  [1m[36mPrescription Load (0.6ms)[0m  [1mSELECT `prescriptions`.* FROM `prescriptions` [0m
  Rendered prescriptions/index.json.rabl (24.6ms)
Completed 200 OK in 34ms (Views: 29.7ms | ActiveRecord: 0.6ms)


Started GET "/prescriptions.json" for 192.168.0.6 at 2013-04-16 15:45:42 -0300
Processing by PrescriptionsController#index as JSON
  [1m[35mPrescription Load (0.6ms)[0m  SELECT `prescriptions`.* FROM `prescriptions` 
  Rendered prescriptions/index.json.rabl (25.7ms)
Completed 200 OK in 37ms (Views: 31.8ms | ActiveRecord: 0.6ms)


Started GET "/prescriptions.json" for 127.0.0.1 at 2013-04-16 16:24:53 -0300
Connecting to database specified by database.yml
Processing by PrescriptionsController#index as JSON
  [1m[36mPrescription Load (0.6ms)[0m  [1mSELECT `prescriptions`.* FROM `prescriptions` [0m
  Rendered prescriptions/index.json.rabl (30.2ms)
Completed 200 OK in 306ms (Views: 74.4ms | ActiveRecord: 5.2ms)


Started GET "/prescriptions.json" for 192.168.0.6 at 2013-04-16 16:25:33 -0300
Processing by PrescriptionsController#index as JSON
  [1m[35mPrescription Load (0.6ms)[0m  SELECT `prescriptions`.* FROM `prescriptions` 
  Rendered prescriptions/index.json.rabl (26.2ms)
Completed 200 OK in 38ms (Views: 31.9ms | ActiveRecord: 0.6ms)


Started GET "/prescriptions.json" for 192.168.0.6 at 2013-04-16 16:30:19 -0300
Processing by PrescriptionsController#index as JSON
  [1m[36mPrescription Load (0.7ms)[0m  [1mSELECT `prescriptions`.* FROM `prescriptions` [0m
  Rendered prescriptions/index.json.rabl (26.5ms)
Completed 200 OK in 38ms (Views: 32.5ms | ActiveRecord: 0.7ms)


Started GET "/prescriptions.json" for 192.168.0.6 at 2013-04-16 16:31:00 -0300
Processing by PrescriptionsController#index as JSON
  [1m[35mPrescription Load (0.7ms)[0m  SELECT `prescriptions`.* FROM `prescriptions` 
  Rendered prescriptions/index.json.rabl (25.7ms)
Completed 200 OK in 37ms (Views: 31.2ms | ActiveRecord: 0.7ms)


Started GET "/prescriptions.json" for 192.168.0.6 at 2013-04-16 16:32:26 -0300
Processing by PrescriptionsController#index as JSON
  [1m[36mPrescription Load (0.7ms)[0m  [1mSELECT `prescriptions`.* FROM `prescriptions` [0m
  Rendered prescriptions/index.json.rabl (26.0ms)
Completed 200 OK in 98ms (Views: 32.3ms | ActiveRecord: 0.7ms)


Started GET "/prescriptions.json" for 192.168.0.6 at 2013-04-16 16:39:34 -0300
Processing by PrescriptionsController#index as JSON
  [1m[35mPrescription Load (0.6ms)[0m  SELECT `prescriptions`.* FROM `prescriptions` 
  Rendered prescriptions/index.json.rabl (24.5ms)
Completed 200 OK in 35ms (Views: 29.5ms | ActiveRecord: 0.6ms)


Started GET "/prescriptions.json" for 192.168.0.6 at 2013-04-16 16:40:31 -0300
Processing by PrescriptionsController#index as JSON
  [1m[36mPrescription Load (0.6ms)[0m  [1mSELECT `prescriptions`.* FROM `prescriptions` [0m
  Rendered prescriptions/index.json.rabl (24.4ms)
Completed 200 OK in 35ms (Views: 29.4ms | ActiveRecord: 0.6ms)


Started GET "/prescriptions.json" for 192.168.0.6 at 2013-04-16 16:42:30 -0300
Processing by PrescriptionsController#index as JSON
  [1m[35mPrescription Load (0.6ms)[0m  SELECT `prescriptions`.* FROM `prescriptions` 
  Rendered prescriptions/index.json.rabl (25.1ms)
Completed 200 OK in 35ms (Views: 30.2ms | ActiveRecord: 0.6ms)


Started GET "/prescriptions.json" for 127.0.0.1 at 2013-04-16 17:37:18 -0300
Connecting to database specified by database.yml
Processing by PrescriptionsController#index as JSON
  [1m[36mPrescription Load (0.5ms)[0m  [1mSELECT `prescriptions`.* FROM `prescriptions` [0m
  Rendered prescriptions/index.json.rabl (30.9ms)
Completed 200 OK in 305ms (Views: 131.6ms | ActiveRecord: 4.7ms)


Started GET "/prescriptions.json" for 127.0.0.1 at 2013-04-16 17:37:19 -0300
Processing by PrescriptionsController#index as JSON
  [1m[35mPrescription Load (1.4ms)[0m  SELECT `prescriptions`.* FROM `prescriptions` 
  Rendered prescriptions/index.json.rabl (27.8ms)
Completed 200 OK in 44ms (Views: 34.8ms | ActiveRecord: 1.4ms)


Started GET "/prescriptions.json" for 192.168.0.6 at 2013-04-16 17:54:33 -0300
Processing by PrescriptionsController#index as JSON
  [1m[36mPrescription Load (0.7ms)[0m  [1mSELECT `prescriptions`.* FROM `prescriptions` [0m
  Rendered prescriptions/index.json.rabl (25.7ms)
Completed 200 OK in 37ms (Views: 30.8ms | ActiveRecord: 0.7ms)


Started GET "/prescriptions.json" for 192.168.0.6 at 2013-04-16 17:55:50 -0300
Processing by PrescriptionsController#index as JSON
  [1m[35mPrescription Load (0.7ms)[0m  SELECT `prescriptions`.* FROM `prescriptions` 
  Rendered prescriptions/index.json.rabl (25.7ms)
Completed 200 OK in 37ms (Views: 31.7ms | ActiveRecord: 0.7ms)


Started GET "/prescriptions.json" for 192.168.0.101 at 2013-04-16 23:06:02 -0300
Connecting to database specified by database.yml
Processing by PrescriptionsController#index as JSON
  [1m[36mPrescription Load (1.2ms)[0m  [1mSELECT `prescriptions`.* FROM `prescriptions` [0m
  Rendered prescriptions/index.json.rabl (33.7ms)
Completed 200 OK in 412ms (Views: 165.4ms | ActiveRecord: 5.7ms)


Started GET "/prescriptions.json" for 192.168.0.101 at 2013-04-16 23:08:12 -0300
Processing by PrescriptionsController#index as JSON
  [1m[35mPrescription Load (0.6ms)[0m  SELECT `prescriptions`.* FROM `prescriptions` 
  Rendered prescriptions/index.json.rabl (25.3ms)
Completed 200 OK in 37ms (Views: 31.0ms | ActiveRecord: 0.6ms)


Started GET "/prescriptions.json" for 192.168.0.101 at 2013-04-16 23:10:25 -0300
Processing by PrescriptionsController#index as JSON
  [1m[36mPrescription Load (0.6ms)[0m  [1mSELECT `prescriptions`.* FROM `prescriptions` [0m
  Rendered prescriptions/index.json.rabl (24.4ms)
Completed 200 OK in 34ms (Views: 29.5ms | ActiveRecord: 0.6ms)


Started GET "/prescriptions.json" for 127.0.0.1 at 2013-04-16 23:32:04 -0300
Processing by PrescriptionsController#index as JSON
  [1m[35mPrescription Load (0.4ms)[0m  SELECT `prescriptions`.* FROM `prescriptions` 
  Rendered prescriptions/index.json.rabl (25.3ms)
Completed 200 OK in 37ms (Views: 30.5ms | ActiveRecord: 0.4ms)


Started GET "/prescriptions.json" for 192.168.0.102 at 2013-04-16 23:32:27 -0300
Processing by PrescriptionsController#index as JSON
  [1m[36mPrescription Load (0.7ms)[0m  [1mSELECT `prescriptions`.* FROM `prescriptions` [0m
  Rendered prescriptions/index.json.rabl (26.0ms)
Completed 200 OK in 38ms (Views: 31.5ms | ActiveRecord: 0.7ms)


Started GET "/prescriptions.json" for 192.168.0.101 at 2013-04-16 23:39:34 -0300
Processing by PrescriptionsController#index as JSON
  [1m[35mPrescription Load (0.6ms)[0m  SELECT `prescriptions`.* FROM `prescriptions` 
  Rendered prescriptions/index.json.rabl (25.7ms)
Completed 200 OK in 36ms (Views: 31.0ms | ActiveRecord: 0.6ms)


Started GET "/prescriptions.json" for 192.168.0.101 at 2013-04-16 23:41:01 -0300
Processing by PrescriptionsController#index as JSON
  [1m[36mPrescription Load (0.6ms)[0m  [1mSELECT `prescriptions`.* FROM `prescriptions` [0m
  Rendered prescriptions/index.json.rabl (25.4ms)
Completed 200 OK in 36ms (Views: 30.6ms | ActiveRecord: 0.6ms)


Started GET "/prescriptions.json" for 192.168.0.101 at 2013-04-16 23:43:25 -0300
Processing by PrescriptionsController#index as JSON
  [1m[35mPrescription Load (0.7ms)[0m  SELECT `prescriptions`.* FROM `prescriptions` 
  Rendered prescriptions/index.json.rabl (92.2ms)
Completed 200 OK in 103ms (Views: 97.6ms | ActiveRecord: 0.7ms)


Started GET "/prescriptions.json" for 192.168.0.101 at 2013-04-16 23:47:52 -0300
Processing by PrescriptionsController#index as JSON
  [1m[36mPrescription Load (0.6ms)[0m  [1mSELECT `prescriptions`.* FROM `prescriptions` [0m
  Rendered prescriptions/index.json.rabl (25.0ms)
Completed 200 OK in 36ms (Views: 30.4ms | ActiveRecord: 0.6ms)


Started GET "/prescriptions.json" for 192.168.0.101 at 2013-04-16 23:57:54 -0300
Processing by PrescriptionsController#index as JSON
  [1m[35mPrescription Load (0.6ms)[0m  SELECT `prescriptions`.* FROM `prescriptions` 
  Rendered prescriptions/index.json.rabl (24.4ms)
Completed 200 OK in 34ms (Views: 29.4ms | ActiveRecord: 0.6ms)


Started GET "/prescriptions.json" for 192.168.0.101 at 2013-04-17 00:02:27 -0300
Processing by PrescriptionsController#index as JSON
  [1m[36mPrescription Load (0.6ms)[0m  [1mSELECT `prescriptions`.* FROM `prescriptions` [0m
  Rendered prescriptions/index.json.rabl (24.3ms)
Completed 200 OK in 34ms (Views: 29.4ms | ActiveRecord: 0.6ms)


Started GET "/prescriptions.json" for 192.168.0.101 at 2013-04-17 00:05:52 -0300
Processing by PrescriptionsController#index as JSON
  [1m[35mPrescription Load (0.6ms)[0m  SELECT `prescriptions`.* FROM `prescriptions` 
  Rendered prescriptions/index.json.rabl (25.7ms)
Completed 200 OK in 36ms (Views: 30.9ms | ActiveRecord: 0.6ms)


Started GET "/prescriptions.json" for 192.168.0.101 at 2013-04-17 00:12:46 -0300
Processing by PrescriptionsController#index as JSON
  [1m[36mPrescription Load (0.6ms)[0m  [1mSELECT `prescriptions`.* FROM `prescriptions` [0m
  Rendered prescriptions/index.json.rabl (25.7ms)
Completed 200 OK in 36ms (Views: 30.9ms | ActiveRecord: 0.6ms)


Started GET "/prescriptions.json" for 192.168.0.101 at 2013-04-17 00:14:25 -0300
Processing by PrescriptionsController#index as JSON
  [1m[35mPrescription Load (0.7ms)[0m  SELECT `prescriptions`.* FROM `prescriptions` 
  Rendered prescriptions/index.json.rabl (26.8ms)
Completed 200 OK in 38ms (Views: 32.9ms | ActiveRecord: 0.7ms)


Started GET "/prescriptions.json" for 192.168.0.101 at 2013-04-17 00:19:23 -0300
Processing by PrescriptionsController#index as JSON
  [1m[36mPrescription Load (0.7ms)[0m  [1mSELECT `prescriptions`.* FROM `prescriptions` [0m
  Rendered prescriptions/index.json.rabl (25.2ms)
Completed 200 OK in 36ms (Views: 31.1ms | ActiveRecord: 0.7ms)


Started GET "/prescriptions.json" for 192.168.0.101 at 2013-04-17 00:22:17 -0300
Processing by PrescriptionsController#index as JSON
  [1m[35mPrescription Load (0.7ms)[0m  SELECT `prescriptions`.* FROM `prescriptions` 
  Rendered prescriptions/index.json.rabl (25.5ms)
Completed 200 OK in 37ms (Views: 31.4ms | ActiveRecord: 0.7ms)


Started GET "/prescriptions.json" for 192.168.0.101 at 2013-04-17 00:24:51 -0300
Processing by PrescriptionsController#index as JSON
  [1m[36mPrescription Load (0.6ms)[0m  [1mSELECT `prescriptions`.* FROM `prescriptions` [0m
  Rendered prescriptions/index.json.rabl (25.7ms)
Completed 200 OK in 36ms (Views: 31.0ms | ActiveRecord: 0.6ms)


Started GET "/prescriptions.json" for 192.168.0.101 at 2013-04-17 00:33:08 -0300
Processing by PrescriptionsController#index as JSON
  [1m[35mPrescription Load (0.6ms)[0m  SELECT `prescriptions`.* FROM `prescriptions` 
  Rendered prescriptions/index.json.rabl (26.3ms)
Completed 200 OK in 36ms (Views: 31.5ms | ActiveRecord: 0.6ms)


Started GET "/prescriptions.json" for 192.168.0.101 at 2013-04-17 00:34:00 -0300
Processing by PrescriptionsController#index as JSON
  [1m[36mPrescription Load (0.7ms)[0m  [1mSELECT `prescriptions`.* FROM `prescriptions` [0m
  Rendered prescriptions/index.json.rabl (25.8ms)
Completed 200 OK in 36ms (Views: 30.9ms | ActiveRecord: 0.7ms)


Started GET "/prescriptions.json" for 192.168.0.101 at 2013-04-17 00:35:34 -0300
Processing by PrescriptionsController#index as JSON
  [1m[35mPrescription Load (0.7ms)[0m  SELECT `prescriptions`.* FROM `prescriptions` 
  Rendered prescriptions/index.json.rabl (25.6ms)
Completed 200 OK in 36ms (Views: 31.0ms | ActiveRecord: 0.7ms)


Started GET "/prescriptions.json" for 192.168.0.101 at 2013-04-17 00:36:21 -0300
Processing by PrescriptionsController#index as JSON
  [1m[36mPrescription Load (0.7ms)[0m  [1mSELECT `prescriptions`.* FROM `prescriptions` [0m
  Rendered prescriptions/index.json.rabl (25.5ms)
Completed 200 OK in 37ms (Views: 31.7ms | ActiveRecord: 0.7ms)


Started GET "/prescriptions.json" for 192.168.0.101 at 2013-04-17 00:43:49 -0300
Processing by PrescriptionsController#index as JSON
  [1m[35mPrescription Load (0.4ms)[0m  SELECT `prescriptions`.* FROM `prescriptions` 
  Rendered prescriptions/index.json.rabl (27.0ms)
Completed 200 OK in 37ms (Views: 32.1ms | ActiveRecord: 0.4ms)


Started GET "/prescriptions.json" for 192.168.0.101 at 2013-04-17 00:45:14 -0300
Processing by PrescriptionsController#index as JSON
  [1m[36mPrescription Load (0.7ms)[0m  [1mSELECT `prescriptions`.* FROM `prescriptions` [0m
  Rendered prescriptions/index.json.rabl (104.4ms)
Completed 200 OK in 115ms (Views: 109.8ms | ActiveRecord: 0.7ms)


Started GET "/prescriptions.json" for 192.168.0.101 at 2013-04-17 00:54:17 -0300
Processing by PrescriptionsController#index as JSON
  [1m[35mPrescription Load (0.6ms)[0m  SELECT `prescriptions`.* FROM `prescriptions` 
  Rendered prescriptions/index.json.rabl (24.9ms)
Completed 200 OK in 36ms (Views: 30.5ms | ActiveRecord: 0.6ms)


Started GET "/prescriptions.json" for 192.168.0.101 at 2013-04-17 00:55:41 -0300
Processing by PrescriptionsController#index as JSON
  [1m[36mPrescription Load (0.6ms)[0m  [1mSELECT `prescriptions`.* FROM `prescriptions` [0m
  Rendered prescriptions/index.json.rabl (24.8ms)
Completed 200 OK in 35ms (Views: 29.9ms | ActiveRecord: 0.6ms)


Started GET "/prescriptions.json" for 192.168.0.101 at 2013-04-17 01:02:18 -0300
Processing by PrescriptionsController#index as JSON
  [1m[35mPrescription Load (0.7ms)[0m  SELECT `prescriptions`.* FROM `prescriptions` 
  Rendered prescriptions/index.json.rabl (24.6ms)
Completed 200 OK in 35ms (Views: 29.9ms | ActiveRecord: 0.7ms)


Started GET "/prescriptions.json" for 192.168.0.101 at 2013-04-17 01:06:30 -0300
Processing by PrescriptionsController#index as JSON
  [1m[36mPrescription Load (0.7ms)[0m  [1mSELECT `prescriptions`.* FROM `prescriptions` [0m
  Rendered prescriptions/index.json.rabl (25.6ms)
Completed 200 OK in 37ms (Views: 31.8ms | ActiveRecord: 0.7ms)


Started GET "/prescriptions.json" for 192.168.0.101 at 2013-04-17 01:07:49 -0300
Processing by PrescriptionsController#index as JSON
  [1m[35mPrescription Load (0.6ms)[0m  SELECT `prescriptions`.* FROM `prescriptions` 
  Rendered prescriptions/index.json.rabl (24.7ms)
Completed 200 OK in 36ms (Views: 30.9ms | ActiveRecord: 0.6ms)


Started GET "/prescriptions.json" for 192.168.0.101 at 2013-04-17 01:09:22 -0300
Processing by PrescriptionsController#index as JSON
  [1m[36mPrescription Load (0.6ms)[0m  [1mSELECT `prescriptions`.* FROM `prescriptions` [0m
  Rendered prescriptions/index.json.rabl (24.7ms)
Completed 200 OK in 35ms (Views: 29.8ms | ActiveRecord: 0.6ms)


Started POST "/prescriptions.json" for 192.168.0.101 at 2013-04-17 01:14:15 -0300
Processing by PrescriptionsController#create as JSON
  Parameters: {"prescription"=>{"name"=>"Testando diretamente do android", "ingredients"=>"To feliz porque consegui HUE"}}
WARNING: Can't verify CSRF token authenticity
  [1m[35m (0.5ms)[0m  BEGIN
  [1m[36mSQL (20.4ms)[0m  [1mINSERT INTO `prescriptions` (`created_at`, `ingredients`, `name`, `updated_at`) VALUES ('2013-04-17 04:14:15', 'To feliz porque consegui HUE', 'Testando diretamente do android', '2013-04-17 04:14:15')[0m
  [1m[35m (68.5ms)[0m  COMMIT
Completed 201 Created in 179ms (Views: 4.9ms | ActiveRecord: 89.3ms)


Started GET "/prescriptions.json" for 192.168.0.101 at 2013-04-17 01:14:31 -0300
Processing by PrescriptionsController#index as JSON
  [1m[36mPrescription Load (1.3ms)[0m  [1mSELECT `prescriptions`.* FROM `prescriptions` [0m
  Rendered prescriptions/index.json.rabl (97.4ms)
Completed 200 OK in 112ms (Views: 104.4ms | ActiveRecord: 1.3ms)
